FILE_TYPE=LIBRARY_PARTS;
PRIMITIVE 'ATMEGA328PB_AU','ATMEGA328PB_AU_SMD';
  PIN
    'PCINT19/OC2B/INT1PD3':
      PIN_NUMBER='(1)';
      INPUT_LOAD='(-0.01,0.01)';
      OUTPUT_LOAD='(1.0,-1.0)';
      BIDIRECTIONAL='TRUE';
      PINUSE='BI';
    'PCINT20/XCK/T0PD4':
      PIN_NUMBER='(2)';
      INPUT_LOAD='(-0.01,0.01)';
      OUTPUT_LOAD='(1.0,-1.0)';
      BIDIRECTIONAL='TRUE';
      PINUSE='BI';
    'GND':
      PIN_NUMBER='(3)';
      PIN_TYPE=POWER;
      NO_LOAD_CHECK=BOTH;
      NO_IO_CHECK=BOTH;
      ALLOW_CONNECT=TRUE;
      PINUSE='POWER';
    'VCC':
      PIN_NUMBER='(4)';
      PIN_TYPE=POWER;
      NO_LOAD_CHECK=BOTH;
      NO_IO_CHECK=BOTH;
      ALLOW_CONNECT=TRUE;
      PINUSE='POWER';
    'GND_2':
      PIN_NUMBER='(5)';
      PIN_TYPE=POWER;
      NO_LOAD_CHECK=BOTH;
      NO_IO_CHECK=BOTH;
      ALLOW_CONNECT=TRUE;
      PINUSE='POWER';
    'VCC_2':
      PIN_NUMBER='(6)';
      PIN_TYPE=POWER;
      NO_LOAD_CHECK=BOTH;
      NO_IO_CHECK=BOTH;
      ALLOW_CONNECT=TRUE;
      PINUSE='POWER';
    'PCINT6/XTAL1/TOSC1PB6':
      PIN_NUMBER='(7)';
      INPUT_LOAD='(-0.01,0.01)';
      OUTPUT_LOAD='(1.0,-1.0)';
      BIDIRECTIONAL='TRUE';
      PINUSE='BI';
    'PCINT7/XTAL2/TOSC2PB7':
      PIN_NUMBER='(8)';
      INPUT_LOAD='(-0.01,0.01)';
      OUTPUT_LOAD='(1.0,-1.0)';
      BIDIRECTIONAL='TRUE';
      PINUSE='BI';
    'PCINT21/OC0B/T1PD5':
      PIN_NUMBER='(9)';
      INPUT_LOAD='(-0.01,0.01)';
      OUTPUT_LOAD='(1.0,-1.0)';
      BIDIRECTIONAL='TRUE';
      PINUSE='BI';
    'PCINT22/OC0A/AIN0PD6':
      PIN_NUMBER='(10)';
      INPUT_LOAD='(-0.01,0.01)';
      OUTPUT_LOAD='(1.0,-1.0)';
      BIDIRECTIONAL='TRUE';
      PINUSE='BI';
    'PCINT23/AIN1PD7':
      PIN_NUMBER='(11)';
      INPUT_LOAD='(-0.01,0.01)';
      OUTPUT_LOAD='(1.0,-1.0)';
      BIDIRECTIONAL='TRUE';
      PINUSE='BI';
    'PCINT0/CLKO/ICP1PB0':
      PIN_NUMBER='(12)';
      INPUT_LOAD='(-0.01,0.01)';
      OUTPUT_LOAD='(1.0,-1.0)';
      BIDIRECTIONAL='TRUE';
      PINUSE='BI';
    'PCINT1/OC1APB1':
      PIN_NUMBER='(13)';
      INPUT_LOAD='(-0.01,0.01)';
      OUTPUT_LOAD='(1.0,-1.0)';
      BIDIRECTIONAL='TRUE';
      PINUSE='BI';
    'PCINT2/SS/OC1BPB2':
      PIN_NUMBER='(14)';
      INPUT_LOAD='(-0.01,0.01)';
      OUTPUT_LOAD='(1.0,-1.0)';
      BIDIRECTIONAL='TRUE';
      PINUSE='BI';
    'PCINT3/OC2A/MOSIPB3':
      PIN_NUMBER='(15)';
      INPUT_LOAD='(-0.01,0.01)';
      OUTPUT_LOAD='(1.0,-1.0)';
      BIDIRECTIONAL='TRUE';
      PINUSE='BI';
    'PCINT4/MISOPB4':
      PIN_NUMBER='(16)';
      INPUT_LOAD='(-0.01,0.01)';
      OUTPUT_LOAD='(1.0,-1.0)';
      BIDIRECTIONAL='TRUE';
      PINUSE='BI';
    'PB5SCK/PCINT5':
      PIN_NUMBER='(17)';
      INPUT_LOAD='(-0.01,0.01)';
      OUTPUT_LOAD='(1.0,-1.0)';
      BIDIRECTIONAL='TRUE';
      PINUSE='BI';
    'AVCC':
      PIN_NUMBER='(18)';
      PIN_TYPE=POWER;
      NO_LOAD_CHECK=BOTH;
      NO_IO_CHECK=BOTH;
      ALLOW_CONNECT=TRUE;
      PINUSE='POWER';
    'ADC6':
      PIN_NUMBER='(19)';
      INPUT_LOAD='(-0.01,0.01)';
      PINUSE='IN';
    'AREF':
      PIN_NUMBER='(20)';
      PIN_TYPE=ANALOG;
      NO_LOAD_CHECK=BOTH;
      NO_IO_CHECK=BOTH;
      ALLOW_CONNECT=TRUE;
      PINUSE='BI';
    'GND_3':
      PIN_NUMBER='(21)';
      PIN_TYPE=POWER;
      NO_LOAD_CHECK=BOTH;
      NO_IO_CHECK=BOTH;
      ALLOW_CONNECT=TRUE;
      PINUSE='POWER';
    'ADC7':
      PIN_NUMBER='(22)';
      INPUT_LOAD='(-0.01,0.01)';
      PINUSE='IN';
    'PC0ADC0/PCINT8':
      PIN_NUMBER='(23)';
      INPUT_LOAD='(-0.01,0.01)';
      OUTPUT_LOAD='(1.0,-1.0)';
      BIDIRECTIONAL='TRUE';
      PINUSE='BI';
    'PC1ADC1/PCINT9':
      PIN_NUMBER='(24)';
      INPUT_LOAD='(-0.01,0.01)';
      OUTPUT_LOAD='(1.0,-1.0)';
      BIDIRECTIONAL='TRUE';
      PINUSE='BI';
    'PC2ADC2/PCINT10':
      PIN_NUMBER='(25)';
      INPUT_LOAD='(-0.01,0.01)';
      OUTPUT_LOAD='(1.0,-1.0)';
      BIDIRECTIONAL='TRUE';
      PINUSE='BI';
    'PC3ADC3/PCINT11':
      PIN_NUMBER='(26)';
      INPUT_LOAD='(-0.01,0.01)';
      OUTPUT_LOAD='(1.0,-1.0)';
      BIDIRECTIONAL='TRUE';
      PINUSE='BI';
    'PC4ADC4/SDA/PCINT12':
      PIN_NUMBER='(27)';
      INPUT_LOAD='(-0.01,0.01)';
      OUTPUT_LOAD='(1.0,-1.0)';
      BIDIRECTIONAL='TRUE';
      PINUSE='BI';
    'PC5ADC5/SCL/PCINT13':
      PIN_NUMBER='(28)';
      INPUT_LOAD='(-0.01,0.01)';
      OUTPUT_LOAD='(1.0,-1.0)';
      BIDIRECTIONAL='TRUE';
      PINUSE='BI';
    'PC6RESET/PCINT14':
      PIN_NUMBER='(29)';
      INPUT_LOAD='(-0.01,0.01)';
      OUTPUT_LOAD='(1.0,-1.0)';
      BIDIRECTIONAL='TRUE';
      PINUSE='BI';
    'PD0RXD/PCINT16':
      PIN_NUMBER='(30)';
      INPUT_LOAD='(-0.01,0.01)';
      OUTPUT_LOAD='(1.0,-1.0)';
      BIDIRECTIONAL='TRUE';
      PINUSE='BI';
    'PD1TXD/PCINT17':
      PIN_NUMBER='(31)';
      INPUT_LOAD='(-0.01,0.01)';
      OUTPUT_LOAD='(1.0,-1.0)';
      BIDIRECTIONAL='TRUE';
      PINUSE='BI';
    'PD2INT0/PCINT18':
      PIN_NUMBER='(32)';
      INPUT_LOAD='(-0.01,0.01)';
      OUTPUT_LOAD='(1.0,-1.0)';
      BIDIRECTIONAL='TRUE';
      PINUSE='BI';
  END_PIN;
  BODY
    PART_NAME='ATMEGA328PB_AU';
    PHYS_DES_PREFIX='U';
    NO_LOAD_CHECK='TRUE';
    PIN_COUNT='32';
    BODY_NAME='ATMEGA328PB_AU';
    JEDEC_TYPE='32A';
    ALT_SYMBOLS='(32A-M,32A-L)';
  END_BODY;
END_PRIMITIVE;
END.
